<?xml version="1.0" encoding="UTF-8"?>
<!-- Generated by org.testng.reporters.JUnitReportReporter -->
<testsuite hostname="DESKTOP-P85J7EI" failures="0" tests="1" name="com.automateSolution.testcases.CheckOutTest" time="5.586" errors="0" timestamp="15 Nov 2022 16:27:40 GMT" skipped="0">
  <testcase classname="com.automateSolution.testcases.CheckOutTest" name="login" time="5.586"/>
</testsuite> <!-- com.automateSolution.testcases.CheckOutTest -->
